make all --print-data-base --no-builtin-variables --no-builtin-rules --question
# GNU Make 3.81
# Copyright (C) 2006  Free Software Foundation, Inc.
# This is free software; see the source for copying conditions.
# There is NO warranty; not even for MERCHANTABILITY or FITNESS FOR A
# PARTICULAR PURPOSE.

# This program built for i386-apple-darwin11.3.0
 
make: *** No rule to make target `all'.  Stop.


# Make data base, printed on Mon Jul  4 10:43:20 2022

# Variables

# environment
MCFLY_FUZZY = true
# automatic
<D = $(patsubst %/,%,$(dir $<))
# automatic
 
?F = $(notdir $?)
# environment
VSCODE_LOG_NATIVE = false
# automatic
?D = $(patsubst %/,%,$(dir $?))
# environment
GRADLE_HOME = /usr/local/Cellar/gradle/4.2.1
# automatic
@D = $(patsubst %/,%,$(dir $@))
# automatic
@F = $(notdir $@)
# makefile
CURDIR := /Users/leo/repos/tour-of-scala
# makefile
SHELL = /bin/sh
# environment
VSCODE_NLS_CONFIG = {"locale":"en-us","availableLanguages":{},"_languagePackSupport":true}
# environment
SPARK_MASTER_HOST = 10.10.8.249
# environment
_ = /usr/bin/make
# makefile (from `Makefile', line 1)
MAKEFILE_LIST :=  Makefile
# environment
VSCODE_VERBOSE_LOGGING = true
# environment
__CFBundleIdentifier = com.microsoft.VSCode
# environment
SPARK_DIST_CLASSPATH = 
# environment
VSCODE_IPC_HOOK_EXTHOST = /var/folders/c_/g9f01n_12r93zyq00bq8y0lm0000gn/T/vscode-ipc-64232887-60b6-4c83-a8bd-78b4e4ee2484.sock
# environment
VSCODE_CWD = /
# environment
PATH = /usr/local/opt/scala@2.12/bin:/usr/local/opt/scala@2.11/bin:/usr/local/opt/ruby/bin:/usr/local/bin:/Users/lbenkel/repos/predictionio/docker/bin:/usr/local/opt/scala@2.11/bin:/usr/local/sbin:/usr/local/bin:/usr/bin:/bin:/usr/sbin:/sbin:/Library/TeX/texbin:/usr/local/Cellar/apache-spark/2.2.0/bin:/usr/local/Cellar/hadoop/2.7.6/bin:/usr/local/etc/groovy-2.5.6/bin:/usr/local/go/bin:/Users/leo/go/bin/:/usr/local/opt/fzf/bin
# environment
LSCOLORS = ExFxBxDxCxegedabagacad
# environment
VSCODE_LOG_STACK = false
# environment
ELECTRON_RUN_AS_NODE = 1
# environment
HADOOP_VERSION = 2.7.6
# default
.FEATURES := target-specific order-only second-expansion else-if archives jobserver check-symlink
# environment
SSH_AUTH_SOCK = /private/tmp/com.apple.launchd.Aq9Eo85Cyz/Listeners
# automatic
%F = $(notdir $%)
# environment
VSCODE_PIPE_LOGGING = true
# environment
PWD = /Users/leo/repos/tour-of-scala
# environment
MCFLY_HISTORY_LIMIT = 100000
# environment
GROOVY_HOME = /usr/local/etc/groovy-2.5.6
# environment
ORIGINAL_XDG_CURRENT_DESKTOP = undefined
# environment
HADOOP_HOME = /usr/local/Cellar/hadoop/2.7.6
# environment
VSCODE_AMD_ENTRYPOINT = vs/workbench/api/node/extensionHostProcess
# environment
HOME = /Users/leo
# default
MAKEFILEPATH = $(shell /usr/bin/xcode-select -print-path 2>/dev/null || echo /Developer)/Makefiles
# environment
VSCODE_CODE_CACHE_PATH = /Users/leo/Library/Application Support/Code/CachedData/30d9c6cd9483b2cc586687151bcbcd635f373630
# environment
LOGNAME = leo
# environment
APPLICATION_INSIGHTS_NO_DIAGNOSTIC_CHANNEL = true
# environment
VSCODE_HANDLES_UNCAUGHT_ERRORS = true
# automatic
^D = $(patsubst %/,%,$(dir $^))
# environment
XPC_FLAGS = 0x0
# default
MAKE = $(MAKE_COMMAND)
# default
MAKECMDGOALS := all
# environment
SHLVL = 2
# environment
JAVA_HOME = /Library/Java/JavaVirtualMachines/adoptopenjdk-11.jdk/Contents/Home
# environment
HADOOP_CLASSPATH = :/usr/local/Cellar/hadoop/2.7.6/share/hadoop/tools/lib/:/usr/local/Cellar/hadoop/2.7.6/share/hadoop/tools/lib/hadoop-aws-2.7.6.jar:/usr/local/Cellar/hadoop/2.7.6/share/hadoop/tools/lib/aws-java-sdk-1.7.4.jar:/usr/local/Cellar/hadoop/2.7.6/share/hadoop/tools/lib/guava-11.0.2.jar
# default
MAKE_VERSION := 3.81
# environment
USER = leo
# makefile
.DEFAULT_GOAL := start
# automatic
%D = $(patsubst %/,%,$(dir $%))
# default
MAKE_COMMAND := /Library/Developer/CommandLineTools/usr/bin/make
# default
.VARIABLES := 
# environment
TMPDIR = /var/folders/c_/g9f01n_12r93zyq00bq8y0lm0000gn/T/
# automatic
*F = $(notdir $*)
# environment
VSCODE_IPC_HOOK = /Users/leo/Library/Application Support/Code/1.68.1-main.sock
# environment
HADOOP_CONF_DIR = /usr/local/Cellar/hadoop/2.7.6/etc/hadoop
# environment
SPARK_HOME = /usr/local/Cellar/apache-spark/2.2.0
# makefile
MAKEFLAGS = Rrqp
# environment
MFLAGS = -Rrqp
# automatic
*D = $(patsubst %/,%,$(dir $*))
# environment
NVM_DIR = /Users/leo/.nvm
# environment
XPC_SERVICE_NAME = 0
# automatic
+D = $(patsubst %/,%,$(dir $+))
# automatic
+F = $(notdir $+)
# environment
MCFLY_RESULTS = 20
# environment
__CF_USER_TEXT_ENCODING = 0x1F5:0x0:0x0
# environment
COMMAND_MODE = unix2003
# default
MAKEFILES := 
# automatic
<F = $(notdir $<)
 
# environment
GITHUB_REPO_FOLDER = /Users/leo/repos/
# environment
LC_ALL = C
# environment
SPARK_CLASSPATH = /usr/local/Cellar/hadoop/2.7.6/share/hadoop/tools/lib/:/usr/local/Cellar/hadoop/2.7.6/share/hadoop/tools/lib/hadoop-aws-2.7.6.jar:/usr/local/Cellar/hadoop/2.7.6/share/hadoop/tools/lib/aws-java-sdk-1.7.4.jar:/usr/local/Cellar/hadoop/2.7.6/share/hadoop/tools/lib/guava-11.0.2.jar
# environment
MCFLY_LIGHT = TRUE
# automatic
^F = $(notdir $^)
# environment
SPARK_LOCAL_IP = 10.10.8.249
# default
SUFFIXES := 
# environment
HISTSIZE = 1000
# default
.INCLUDE_DIRS = /usr/local/include
# environment
COURSIER_CACHE = /Users/leo/.custom-cache
# environment
MAKELEVEL := 0
# environment
CLICOLOR = 1
# environment
LANG = C
# environment
HADOOP_LIBEXEC_DIR = /usr/local/Cellar/hadoop/2.7.6/libexec
# environment
VSCODE_PID = 65508
# environment
SPARK_MASTER_IP = 10.10.8.249
# variable set hash-table stats:
# Load=86/1024=8%, Rehash=0, Collisions=1/110=1%

# Pattern-specific Variable Values

# No pattern-specific variable values.

# Directories

# . (device 16777221, inode 771239): 24 files, no impossibilities.

# 24 files, no impossibilities in 1 directories.

# Implicit Rules

# No implicit rules.

# Files

# Not a target:
all:
#  Command-line target.
#  Implicit rule search has been done.
#  File does not exist.
#  File has not been updated.
# variable set hash-table stats:
# Load=0/32=0%, Rehash=0, Collisions=0/0=0%

start_prod_netlify:
#  Implicit rule search has not been done.
#  Modification time never checked.
#  File has not been updated.
#  commands to execute (from `Makefile', line 19):
	netlify build
	cd ./out
	http-server -p 4001
	

start_dev:
#  Implicit rule search has not been done.
#  Modification time never checked.
#  File has not been updated.
#  commands to execute (from `Makefile', line 12):
	npx next dev -p 4001
	

# Not a target:
.SUFFIXES:
#  Implicit rule search has not been done.
#  Modification time never checked.
#  File has not been updated.

# Not a target:
Makefile:
#  Implicit rule search has been done.
#  Last modified 2021-07-20 12:45:54
#  File has been updated.
#  Successfully updated.
# variable set hash-table stats:
# Load=0/32=0%, Rehash=0, Collisions=0/0=0%

start:
#  Implicit rule search has not been done.
#  Modification time never checked.
#  File has not been updated.
#  commands to execute (from `Makefile', line 2):
	netlify dev -e -p 4001
	

start_prod:
#  Implicit rule search has not been done.
#  Modification time never checked.
#  File has not been updated.
#  commands to execute (from `Makefile', line 15):
	npx next build --debug
	NODE_OPTIONS='--inspect' npx next start -p 4001
	

# Not a target:
.DEFAULT:
#  Implicit rule search has not been done.
#  Modification time never checked.
#  File has not been updated.

clean:
#  Implicit rule search has not been done.
#  Modification time never checked.
#  File has not been updated.
#  commands to execute (from `Makefile', line 5):
	rm -rf node_modules package-lock.json .netlify .next out next-env.d.ts
	

update_netlify:
#  Implicit rule search has not been done.
#  Modification time never checked.
#  File has not been updated.
#  commands to execute (from `Makefile', line 24):
	npm uninstall -g netlify-cli
	npm i -g netlify-cli
	npm audit fix
	

install:
#  Implicit rule search has not been done.
#  Modification time never checked.
#  File has not been updated.
#  commands to execute (from `Makefile', line 8):
	npm install
	npm audit fix || echo ''
	

# files hash-table stats:
# Load=11/1024=1%, Rehash=0, Collisions=0/23=0%
# VPATH Search Paths

# No `vpath' search paths.

# No general (`VPATH' variable) search path.

# # of strings in strcache: 1
# # of strcache buffers: 1
# strcache size: total = 4096 / max = 4096 / min = 4096 / avg = 4096
# strcache free: total = 4087 / max = 4087 / min = 4087 / avg = 4087

# Finished Make data base on Mon Jul  4 10:43:20 2022

 
